<?xml version="1.0" encoding="UTF-8"?>
<!-- Generated by org.testng.reporters.JUnitXMLReporter -->
<testsuite ignored="0" hostname="LetsVentures-MacBook-Pro.local" failures="0" tests="3" name="Test" time="33.59" errors="0" timestamp="2019-11-13T11:43:07 IST">
  <testcase classname="TestCases.loginTest" name="verifyLoginPageTitle" time="0.033"/>
  <testcase classname="TestCases.loginTest" name="verifyInvalidCredentials" time="6.536"/>
  <testcase classname="TestCases.loginTest" name="logging_In" time="6.012"/>
</testsuite> <!-- Test -->
